<?xml version="1.0" encoding="UTF-8"?>
<!-- Generated by org.testng.reporters.JUnitReportReporter -->
<testsuite hostname="Gulshan" failures="0" tests="1" name="hms.admin.testScripts.DeleteDoctorTest" time="27.345" errors="0" timestamp="03 Jun 2024 12:41:35 GMT" skipped="0">
  <testcase classname="hms.admin.testScripts.DeleteDoctorTest" name="deleteDoctor" time="27.345"/>
</testsuite> <!-- hms.admin.testScripts.DeleteDoctorTest -->
