<?xml version="1.0" encoding="UTF-8"?>
<!-- Generated by org.testng.reporters.JUnitReportReporter -->
<testsuite hostname="Gulshan" failures="0" tests="1" name="hms.admin.testScripts.AddDoctorTest" time="8.681" errors="0" timestamp="03 Jun 2024 10:41:07 GMT" skipped="0">
  <testcase classname="hms.admin.testScripts.AddDoctorTest" name="addDoctors" time="8.681"/>
</testsuite> <!-- hms.admin.testScripts.AddDoctorTest -->
